04:06:37.841 [main] INFO  utils.ReportUtil - Test 'verifyLoginToApplicationUsingvalidCredentials'Test PASSED.
04:06:42.536 [main] INFO  utils.ReportUtil - Test 'verifyLoginToApplicationUsingvalidCredentials' started running.
04:06:44.827 [main] INFO  utils.ReportUtil - Test 'verifyLoginToApplicationUsingvalidCredentials'Test PASSED.
04:06:45.903 [main] INFO  utils.ReportUtil - Test execution Finished for: Grouping-Suite
04:18:16.069 [main] INFO  org.testng.internal.Utils - [TestNG] Running:
  C:\Users\Vishnu\FrameworkConcepts\OpenCart\grouping.xml

04:18:16.270 [main] INFO  utils.ReportUtil - Test execution started for: Grouping-Suite
04:18:21.296 [main] INFO  utils.ReportUtil - Test 'verifyLoginToApplicationUsingvalidCredentials' started running.
04:18:23.523 [main] INFO  utils.ReportUtil - Test 'verifyLoginToApplicationUsingvalidCredentials'Test PASSED.
04:18:27.975 [main] INFO  utils.ReportUtil - Test 'verifyLoginToApplicationUsingvalidCredentials' started running.
04:18:30.169 [main] INFO  utils.ReportUtil - Test 'verifyLoginToApplicationUsingvalidCredentials'Test PASSED.
04:18:34.428 [main] INFO  utils.ReportUtil - Test 'verifyLoginToApplicationUsingvalidCredentials' started running.
04:18:36.608 [main] INFO  utils.ReportUtil - Test 'verifyLoginToApplicationUsingvalidCredentials'Test PASSED.
04:18:40.801 [main] INFO  utils.ReportUtil - Test 'verifyLoginToApplicationUsingvalidCredentials' started running.
04:18:42.955 [main] INFO  utils.ReportUtil - Test 'verifyLoginToApplicationUsingvalidCredentials'Test PASSED.
04:18:43.966 [main] INFO  utils.ReportUtil - Test execution Finished for: Grouping-Suite
04:20:18.931 [main] INFO  org.testng.internal.Utils - [TestNG] Running:
  C:\Users\Vishnu\FrameworkConcepts\OpenCart\grouping.xml

04:20:19.084 [main] INFO  utils.ReportUtil - Test execution started for: Grouping-Suite
04:20:24.019 [main] INFO  utils.ReportUtil - Test 'verifyLoginToApplicationUsingvalidCredentials' started running.
04:20:26.282 [main] INFO  utils.ReportUtil - Test 'verifyLoginToApplicationUsingvalidCredentials'Test PASSED.
04:20:30.507 [main] INFO  utils.ReportUtil - Test 'verifyLoginToApplicationUsingvalidCredentials' started running.
04:20:32.725 [main] INFO  utils.ReportUtil - Test 'verifyLoginToApplicationUsingvalidCredentials'Test PASSED.
04:20:36.869 [main] INFO  utils.ReportUtil - Test 'verifyLoginToApplicationUsingvalidCredentials' started running.
04:20:39.097 [main] INFO  utils.ReportUtil - Test 'verifyLoginToApplicationUsingvalidCredentials'Test PASSED.
04:20:43.200 [main] INFO  utils.ReportUtil - Test 'verifyLoginToApplicationUsingvalidCredentials' started running.
04:20:45.310 [main] INFO  utils.ReportUtil - Test 'verifyLoginToApplicationUsingvalidCredentials'Test PASSED.
04:20:46.254 [main] INFO  utils.ReportUtil - Test execution Finished for: Grouping-Suite
04:21:53.687 [main] INFO  org.testng.internal.Utils - [TestNG] Running:
  C:\Users\Vishnu\FrameworkConcepts\OpenCart\grouping.xml

04:21:53.829 [main] INFO  utils.ReportUtil - Test execution started for: Grouping-Suite
04:21:58.598 [main] INFO  utils.ReportUtil - Test 'verifyLoginToApplicationUsingvalidCredentials' started running.
04:22:00.875 [main] INFO  utils.ReportUtil - Test 'verifyLoginToApplicationUsingvalidCredentials'Test PASSED.
04:22:05.103 [main] INFO  utils.ReportUtil - Test 'verifyLoginToApplicationUsingvalidCredentials' started running.
04:22:07.301 [main] INFO  utils.ReportUtil - Test 'verifyLoginToApplicationUsingvalidCredentials'Test PASSED.
04:22:11.531 [main] INFO  utils.ReportUtil - Test 'verifyLoginToApplicationUsingvalidCredentials' started running.
04:22:13.747 [main] INFO  utils.ReportUtil - Test 'verifyLoginToApplicationUsingvalidCredentials'Test PASSED.
04:22:18.177 [main] INFO  utils.ReportUtil - Test 'verifyLoginToApplicationUsingvalidCredentials' started running.
04:22:20.442 [main] INFO  utils.ReportUtil - Test 'verifyLoginToApplicationUsingvalidCredentials'Test PASSED.
04:22:21.369 [main] INFO  utils.ReportUtil - Test execution Finished for: Grouping-Suite
04:26:10.446 [main] INFO  org.testng.internal.Utils - [TestNG] Running:
  C:\Users\Vishnu\FrameworkConcepts\OpenCart\grouping.xml

04:26:10.588 [main] INFO  utils.ReportUtil - Test execution started for: Grouping-Suite
04:26:15.417 [main] INFO  utils.ReportUtil - Test 'verifyLoginToApplicationUsingvalidCredentials' started running.
04:26:17.677 [main] INFO  utils.ReportUtil - Test 'verifyLoginToApplicationUsingvalidCredentials'Test PASSED.
04:26:21.995 [main] INFO  utils.ReportUtil - Test 'verifyLoginToApplicationUsingvalidCredentials' started running.
04:26:24.193 [main] INFO  utils.ReportUtil - Test 'verifyLoginToApplicationUsingvalidCredentials'Test PASSED.
04:26:28.425 [main] INFO  utils.ReportUtil - Test 'verifyLoginToApplicationUsingvalidCredentials' started running.
04:26:30.604 [main] INFO  utils.ReportUtil - Test 'verifyLoginToApplicationUsingvalidCredentials'Test PASSED.
04:26:34.820 [main] INFO  utils.ReportUtil - Test 'verifyLoginToApplicationUsingvalidCredentials' started running.
04:26:37.045 [main] INFO  utils.ReportUtil - Test 'verifyLoginToApplicationUsingvalidCredentials'Test PASSED.
04:26:41.268 [main] INFO  utils.ReportUtil - Test 'verifyLoginToApplicationUsingInvalidCredentials' started running.
04:26:42.948 [main] INFO  utils.ReportUtil - Test 'verifyLoginToApplicationUsingInvalidCredentials'Test PASSED.
04:26:47.079 [main] INFO  utils.ReportUtil - Test 'verifyLoginToApplicationUsingInvalidCredentials' started running.
04:26:48.746 [main] INFO  utils.ReportUtil - Test 'verifyLoginToApplicationUsingInvalidCredentials'Test PASSED.
04:26:52.929 [main] INFO  utils.ReportUtil - Test 'verifyLoginToApplicationUsingInvalidCredentials' started running.
04:26:54.616 [main] INFO  utils.ReportUtil - Test 'verifyLoginToApplicationUsingInvalidCredentials'Test PASSED.
04:26:58.694 [main] INFO  utils.ReportUtil - Test 'verifyLoginToApplicationUsingInvalidCredentials' started running.
04:27:00.339 [main] INFO  utils.ReportUtil - Test 'verifyLoginToApplicationUsingInvalidCredentials'Test PASSED.
04:27:01.353 [main] INFO  utils.ReportUtil - Test execution Finished for: Grouping-Suite
04:29:39.934 [main] INFO  org.testng.internal.Utils - [TestNG] Running:
  C:\Users\Vishnu\FrameworkConcepts\OpenCart\grouping.xml

04:29:40.125 [main] INFO  utils.ReportUtil - Test execution started for: Grouping-Suite
04:29:45.123 [main] INFO  utils.ReportUtil - Test 'verifyLoginToApplicationUsingvalidCredentials' started running.
04:29:47.609 [main] INFO  utils.ReportUtil - Test 'verifyLoginToApplicationUsingvalidCredentials'Test PASSED.
04:29:52.445 [main] INFO  utils.ReportUtil - Test 'verifyLoginToApplicationUsingvalidCredentials' started running.
04:29:55.329 [main] INFO  utils.ReportUtil - Test 'verifyLoginToApplicationUsingvalidCredentials'Test PASSED.
04:30:00.191 [main] INFO  utils.ReportUtil - Test 'verifyLoginToApplicationUsingvalidCredentials' started running.
04:30:05.044 [main] INFO  utils.ReportUtil - Test 'verifyLoginToApplicationUsingvalidCredentials'Test PASSED.
04:30:09.409 [main] INFO  utils.ReportUtil - Test 'verifyLoginToApplicationUsingvalidCredentials' started running.
04:30:11.763 [main] INFO  utils.ReportUtil - Test 'verifyLoginToApplicationUsingvalidCredentials'Test PASSED.
04:30:16.522 [main] INFO  utils.ReportUtil - Test 'verifyLoginToApplicationUsingInvalidCredentials' started running.
04:30:19.092 [main] INFO  utils.ReportUtil - Test 'verifyLoginToApplicationUsingInvalidCredentials'Test PASSED.
04:30:23.804 [main] INFO  utils.ReportUtil - Test 'verifyLoginToApplicationUsingInvalidCredentials' started running.
04:30:26.127 [main] INFO  utils.ReportUtil - Test 'verifyLoginToApplicationUsingInvalidCredentials'Test PASSED.
04:30:30.789 [main] INFO  utils.ReportUtil - Test 'verifyLoginToApplicationUsingInvalidCredentials' started running.
04:30:33.259 [main] INFO  utils.ReportUtil - Test 'verifyLoginToApplicationUsingInvalidCredentials'Test PASSED.
04:30:37.801 [main] INFO  utils.ReportUtil - Test 'verifyLoginToApplicationUsingInvalidCredentials' started running.
04:30:39.519 [main] INFO  utils.ReportUtil - Test 'verifyLoginToApplicationUsingInvalidCredentials'Test PASSED.
04:30:40.758 [main] INFO  utils.ReportUtil - Test execution Finished for: Grouping-Suite
04:32:02.782 [main] INFO  org.testng.internal.Utils - [TestNG] Running:
  C:\Users\Vishnu\FrameworkConcepts\OpenCart\grouping.xml

04:32:02.940 [main] INFO  utils.ReportUtil - Test execution started for: Grouping-Suite
04:32:07.802 [main] INFO  utils.ReportUtil - Test 'verifyLoginToApplicationUsingvalidCredentials' started running.
04:32:10.101 [main] INFO  utils.ReportUtil - Test 'verifyLoginToApplicationUsingvalidCredentials'Test PASSED.
04:32:14.370 [main] INFO  utils.ReportUtil - Test 'verifyLoginToApplicationUsingvalidCredentials' started running.
04:32:16.582 [main] INFO  utils.ReportUtil - Test 'verifyLoginToApplicationUsingvalidCredentials'Test PASSED.
04:32:20.946 [main] INFO  utils.ReportUtil - Test 'verifyLoginToApplicationUsingvalidCredentials' started running.
04:32:23.160 [main] INFO  utils.ReportUtil - Test 'verifyLoginToApplicationUsingvalidCredentials'Test PASSED.
04:32:27.285 [main] INFO  utils.ReportUtil - Test 'verifyLoginToApplicationUsingvalidCredentials' started running.
04:32:29.427 [main] INFO  utils.ReportUtil - Test 'verifyLoginToApplicationUsingvalidCredentials'Test PASSED.
04:32:30.386 [main] INFO  utils.ReportUtil - Test execution Finished for: Grouping-Suite
04:33:31.834 [main] INFO  org.testng.internal.Utils - [TestNG] Running:
  C:\Users\Vishnu\FrameworkConcepts\OpenCart\grouping.xml

04:33:31.987 [main] INFO  utils.ReportUtil - Test execution started for: Grouping-Suite
04:33:36.646 [main] INFO  utils.ReportUtil - Test 'verifyLoginToApplicationUsingvalidCredentials' started running.
04:33:38.906 [main] INFO  utils.ReportUtil - Test 'verifyLoginToApplicationUsingvalidCredentials'Test PASSED.
04:33:43.269 [main] INFO  utils.ReportUtil - Test 'verifyLoginToApplicationUsingvalidCredentials' started running.
04:33:45.531 [main] INFO  utils.ReportUtil - Test 'verifyLoginToApplicationUsingvalidCredentials'Test PASSED.
04:33:49.771 [main] INFO  utils.ReportUtil - Test 'verifyLoginToApplicationUsingvalidCredentials' started running.
04:33:51.977 [main] INFO  utils.ReportUtil - Test 'verifyLoginToApplicationUsingvalidCredentials'Test PASSED.
04:33:56.123 [main] INFO  utils.ReportUtil - Test 'verifyLoginToApplicationUsingvalidCredentials' started running.
04:33:58.357 [main] INFO  utils.ReportUtil - Test 'verifyLoginToApplicationUsingvalidCredentials'Test PASSED.
04:33:59.220 [main] INFO  utils.ReportUtil - Test execution Finished for: Grouping-Suite
04:37:31.799 [main] INFO  org.testng.internal.Utils - [TestNG] Running:
  C:\Users\Vishnu\FrameworkConcepts\OpenCart\grouping.xml

04:37:31.956 [main] INFO  utils.ReportUtil - Test execution started for: Grouping-Suite
04:37:36.833 [main] INFO  utils.ReportUtil - Test 'verifyLoginToApplicationUsingvalidCredentials' started running.
04:37:39.107 [main] INFO  utils.ReportUtil - Test 'verifyLoginToApplicationUsingvalidCredentials'Test PASSED.
04:37:43.278 [main] INFO  utils.ReportUtil - Test 'verifyLoginToApplicationUsingvalidCredentials' started running.
04:37:45.425 [main] INFO  utils.ReportUtil - Test 'verifyLoginToApplicationUsingvalidCredentials'Test PASSED.
04:37:49.693 [main] INFO  utils.ReportUtil - Test 'verifyLoginToApplicationUsingvalidCredentials' started running.
04:37:51.848 [main] INFO  utils.ReportUtil - Test 'verifyLoginToApplicationUsingvalidCredentials'Test PASSED.
04:37:56.045 [main] INFO  utils.ReportUtil - Test 'verifyLoginToApplicationUsingvalidCredentials' started running.
04:37:58.175 [main] INFO  utils.ReportUtil - Test 'verifyLoginToApplicationUsingvalidCredentials'Test PASSED.
04:37:59.110 [main] INFO  utils.ReportUtil - Test execution Finished for: Grouping-Suite
04:44:26.476 [main] INFO  org.testng.internal.Utils - [Utils] MethodGroupsHelper.collectMethodsByGroup() took 0 ms.
04:44:26.482 [main] INFO  org.testng.internal.Utils - [Utils] MethodGroupsHelper.sortMethods() took 2 ms.
04:44:26.483 [main] INFO  org.testng.internal.Utils - [Utils] MethodGroupsHelper.collectMethodsByGroup() took 0 ms.
04:44:26.483 [main] INFO  org.testng.internal.Utils - [Utils] MethodGroupsHelper.sortMethods() took 0 ms.
04:44:26.483 [main] INFO  org.testng.internal.Utils - [Utils] MethodGroupsHelper.collectMethodsByGroup() took 0 ms.
04:44:26.483 [main] INFO  org.testng.internal.Utils - [Utils] MethodGroupsHelper.sortMethods() took 0 ms.
04:44:26.484 [main] INFO  org.testng.internal.Utils - [Utils] MethodGroupsHelper.collectMethodsByGroup() took 0 ms.
04:44:26.484 [main] INFO  org.testng.internal.Utils - [Utils] MethodGroupsHelper.sortMethods() took 0 ms.
04:44:26.484 [main] INFO  org.testng.internal.Utils - [Utils] MethodGroupsHelper.collectMethodsByGroup() took 0 ms.
04:44:26.484 [main] INFO  org.testng.internal.Utils - [Utils] MethodGroupsHelper.sortMethods() took 0 ms.
04:44:26.484 [main] INFO  org.testng.internal.Utils - [Utils] MethodGroupsHelper.collectMethodsByGroup() took 0 ms.
04:44:26.484 [main] INFO  org.testng.internal.Utils - [Utils] MethodGroupsHelper.sortMethods() took 0 ms.
04:44:26.485 [main] INFO  org.testng.internal.Utils - [Utils] MethodGroupsHelper.collectMethodsByGroup() took 0 ms.
04:44:26.485 [main] INFO  org.testng.internal.Utils - [Utils] MethodGroupsHelper.sortMethods() took 0 ms.
04:44:26.485 [main] INFO  org.testng.internal.Utils - [Utils] MethodGroupsHelper.collectMethodsByGroup() took 0 ms.
04:44:26.485 [main] INFO  org.testng.internal.Utils - [Utils] MethodGroupsHelper.sortMethods() took 0 ms.
04:44:26.490 [main] INFO  org.testng.internal.Utils - [Utils] MethodGroupsHelper.collectMethodsByGroup() took 2 ms.
04:44:26.498 [main] INFO  org.testng.internal.Utils - [Utils] MethodGroupsHelper.sortMethods() took 7 ms.
04:44:26.498 [main] INFO  org.testng.internal.Utils - [Utils] MethodGroupsHelper.collectMethodsByGroup() took 0 ms.
04:44:26.499 [main] INFO  org.testng.internal.Utils - [Utils] MethodGroupsHelper.sortMethods() took 1 ms.
04:44:26.501 [main] INFO  org.testng.internal.Utils - [Utils] MethodGroupsHelper.collectMethodsByGroup() took 0 ms.
04:44:26.501 [main] INFO  org.testng.internal.Utils - [Utils] MethodGroupsHelper.sortMethods() took 0 ms.
04:44:26.501 [main] INFO  org.testng.internal.Utils - [Utils] MethodGroupsHelper.collectMethodsByGroup() took 0 ms.
04:44:26.501 [main] INFO  org.testng.internal.Utils - [Utils] MethodGroupsHelper.sortMethods() took 0 ms.
04:44:26.503 [main] INFO  org.testng.internal.Utils - [Utils] MethodGroupsHelper.collectMethodsByGroup() took 1 ms.
04:44:26.508 [main] INFO  org.testng.internal.Utils - [Utils] MethodGroupsHelper.sortMethods() took 5 ms.
04:44:26.511 [main] INFO  org.testng.internal.Utils - [Utils] MethodGroupsHelper.collectMethodsByGroup() took 0 ms.
04:44:26.511 [main] INFO  org.testng.internal.Utils - [Utils] MethodGroupsHelper.sortMethods() took 0 ms.
04:44:26.511 [main] INFO  org.testng.internal.Utils - [Utils] MethodGroupsHelper.collectMethodsByGroup() took 0 ms.
04:44:26.511 [main] INFO  org.testng.internal.Utils - [Utils] MethodGroupsHelper.sortMethods() took 0 ms.
04:44:26.516 [main] INFO  org.testng.internal.Utils - [TestNG] Running:
  C:\Users\Vishnu\AppData\Local\Temp\testng-eclipse--1710372404\testng-customsuite.xml

04:44:26.532 [main] INFO  org.testng.internal.Utils - [Utils] DynamicGraphHelper.createDynamicGraph() took 3 ms.
04:44:27.232 [main] INFO  org.testng.internal.Utils - [TestNG] Time taken by org.testng.reporters.jq.Main@7abe27bf: 61 ms
04:44:27.251 [main] INFO  org.testng.internal.Utils - [TestNG] Time taken by org.testng.reporters.FailedReporter@630d1b2f: 19 ms
04:44:27.272 [main] INFO  org.testng.internal.Utils - [TestNG] Time taken by org.testng.reporters.XMLReporter@64aad6db: 21 ms
04:44:27.280 [main] INFO  org.testng.internal.Utils - [TestNG] Time taken by org.testng.reporters.EmailableReporter2@5fb7183b: 8 ms
04:44:27.286 [main] INFO  org.testng.internal.Utils - [TestNG] Time taken by org.testng.reporters.JUnitReportReporter@576c5536: 5 ms
04:44:27.286 [main] INFO  org.testng.internal.Utils - [TestNG] Time taken by org.testng.internal.ExitCodeListener@55ecbafe: 0 ms
04:44:52.694 [main] INFO  org.testng.internal.Utils - [TestNG] Running:
  C:\Users\Vishnu\FrameworkConcepts\OpenCart\grouping.xml

04:44:52.854 [main] INFO  utils.ReportUtil - Test execution started for: Grouping-Suite
04:44:57.993 [main] INFO  utils.ReportUtil - Test 'verifyLoginToApplicationUsingvalidCredentials' started running.
04:45:00.274 [main] INFO  utils.ReportUtil - Test 'verifyLoginToApplicationUsingvalidCredentials'Test PASSED.
04:45:04.921 [main] INFO  utils.ReportUtil - Test 'verifyLoginToApplicationUsingvalidCredentials' started running.
04:45:07.125 [main] INFO  utils.ReportUtil - Test 'verifyLoginToApplicationUsingvalidCredentials'Test PASSED.
04:45:11.490 [main] INFO  utils.ReportUtil - Test 'verifyLoginToApplicationUsingvalidCredentials' started running.
04:45:13.676 [main] INFO  utils.ReportUtil - Test 'verifyLoginToApplicationUsingvalidCredentials'Test PASSED.
04:45:17.896 [main] INFO  utils.ReportUtil - Test 'verifyLoginToApplicationUsingvalidCredentials' started running.
04:45:20.107 [main] INFO  utils.ReportUtil - Test 'verifyLoginToApplicationUsingvalidCredentials'Test PASSED.
04:45:21.110 [main] INFO  utils.ReportUtil - Test execution Finished for: Grouping-Suite
04:54:14.577 [main] INFO  org.testng.internal.Utils - [TestNG] Running:
  C:\Users\Vishnu\FrameworkConcepts\OpenCart\grouping.xml

04:54:14.733 [main] INFO  utils.ReportUtil - Test execution started for: Grouping-Suite
04:54:19.662 [main] INFO  utils.ReportUtil - Test 'verifyLoginToApplicationUsingvalidCredentials' started running.
04:54:21.926 [main] INFO  utils.ReportUtil - Test 'verifyLoginToApplicationUsingvalidCredentials'Test PASSED.
04:54:26.417 [main] INFO  utils.ReportUtil - Test 'verifyLoginToApplicationUsingvalidCredentials' started running.
04:54:28.642 [main] INFO  utils.ReportUtil - Test 'verifyLoginToApplicationUsingvalidCredentials'Test PASSED.
04:54:32.780 [main] INFO  utils.ReportUtil - Test 'verifyLoginToApplicationUsingvalidCredentials' started running.
04:54:34.959 [main] INFO  utils.ReportUtil - Test 'verifyLoginToApplicationUsingvalidCredentials'Test PASSED.
04:54:39.145 [main] INFO  utils.ReportUtil - Test 'verifyLoginToApplicationUsingvalidCredentials' started running.
04:54:41.358 [main] INFO  utils.ReportUtil - Test 'verifyLoginToApplicationUsingvalidCredentials'Test PASSED.
04:54:42.358 [main] INFO  utils.ReportUtil - Test execution Finished for: Grouping-Suite
04:55:47.182 [main] INFO  org.testng.internal.Utils - [TestNG] Running:
  C:\Users\Vishnu\FrameworkConcepts\OpenCart\grouping.xml

04:55:47.344 [main] INFO  utils.ReportUtil - Test execution started for: Grouping-Suite
04:55:52.378 [main] INFO  utils.ReportUtil - Test 'verifyLoginToApplicationUsingvalidCredentials' started running.
04:55:54.765 [main] INFO  utils.ReportUtil - Test 'verifyLoginToApplicationUsingvalidCredentials'Test FAILED.
04:55:59.062 [main] INFO  utils.ReportUtil - Test 'verifyLoginToApplicationUsingvalidCredentials' started running.
04:56:01.280 [main] INFO  utils.ReportUtil - Test 'verifyLoginToApplicationUsingvalidCredentials'Test PASSED.
04:56:05.518 [main] INFO  utils.ReportUtil - Test 'verifyLoginToApplicationUsingvalidCredentials' started running.
04:56:07.707 [main] INFO  utils.ReportUtil - Test 'verifyLoginToApplicationUsingvalidCredentials'Test PASSED.
04:56:11.961 [main] INFO  utils.ReportUtil - Test 'verifyLoginToApplicationUsingvalidCredentials' started running.
04:56:14.155 [main] INFO  utils.ReportUtil - Test 'verifyLoginToApplicationUsingvalidCredentials'Test PASSED.
04:56:15.169 [main] INFO  utils.ReportUtil - Test execution Finished for: Grouping-Suite
