14:15:46.075 [main] INFO  org.testng.internal.Utils - [TestClass] Adding method LoginTest.verifyLoginToApplicationUsingvalidCredentials(java.util.HashMap)[pri:1, instance:null] on TestClass class tests.LoginTest
14:15:46.080 [main] INFO  org.testng.internal.Utils - [TestClass] Adding method LoginTest.verifyNavigatingBackAfterLogout()[pri:9, instance:null] on TestClass class tests.LoginTest
14:15:46.080 [main] INFO  org.testng.internal.Utils - [TestClass] Adding method LoginTest.verifyPlaceholdersOnLoginPage()[pri:7, instance:null] on TestClass class tests.LoginTest
14:15:46.081 [main] INFO  org.testng.internal.Utils - [TestClass] Adding method LoginTest.verifyMaxLoginAttempts()[pri:11, instance:null] on TestClass class tests.LoginTest
14:15:46.082 [main] INFO  org.testng.internal.Utils - [TestClass] Adding method LoginTest.verifyForgotPasswordLink()[pri:6, instance:null] on TestClass class tests.LoginTest
14:15:46.082 [main] INFO  org.testng.internal.Utils - [TestClass] Adding method LoginTest.verifyPasswordNotVisibleInPageSource()[pri:14, instance:null] on TestClass class tests.LoginTest
14:15:46.092 [main] INFO  org.testng.internal.Utils - [Utils] MethodGroupsHelper.collectMethodsByGroup() took 0 ms.
14:15:46.094 [main] INFO  org.testng.internal.Utils - [Utils] MethodGroupsHelper.sortMethods() took 1 ms.
14:15:46.094 [main] INFO  org.testng.internal.Utils - [Utils] MethodGroupsHelper.collectMethodsByGroup() took 0 ms.
14:15:46.095 [main] INFO  org.testng.internal.Utils - [Utils] MethodGroupsHelper.sortMethods() took 0 ms.
14:15:46.095 [main] INFO  org.testng.internal.Utils - [Utils] MethodGroupsHelper.collectMethodsByGroup() took 0 ms.
14:15:46.095 [main] INFO  org.testng.internal.Utils - [Utils] MethodGroupsHelper.sortMethods() took 0 ms.
14:15:46.095 [main] INFO  org.testng.internal.Utils - [Utils] MethodGroupsHelper.collectMethodsByGroup() took 0 ms.
14:15:46.095 [main] INFO  org.testng.internal.Utils - [Utils] MethodGroupsHelper.sortMethods() took 0 ms.
14:15:46.096 [main] INFO  org.testng.internal.Utils - [Utils] MethodGroupsHelper.collectMethodsByGroup() took 0 ms.
14:15:46.096 [main] INFO  org.testng.internal.Utils - [Utils] MethodGroupsHelper.sortMethods() took 0 ms.
14:15:46.096 [main] INFO  org.testng.internal.Utils - [Utils] MethodGroupsHelper.collectMethodsByGroup() took 0 ms.
14:15:46.096 [main] INFO  org.testng.internal.Utils - [Utils] MethodGroupsHelper.sortMethods() took 0 ms.
14:15:46.096 [main] INFO  org.testng.internal.Utils - [Utils] MethodGroupsHelper.collectMethodsByGroup() took 0 ms.
14:15:46.097 [main] INFO  org.testng.internal.Utils - [Utils] MethodGroupsHelper.sortMethods() took 0 ms.
14:15:46.097 [main] INFO  org.testng.internal.Utils - [Utils] MethodGroupsHelper.collectMethodsByGroup() took 0 ms.
14:15:46.097 [main] INFO  org.testng.internal.Utils - [Utils] MethodGroupsHelper.sortMethods() took 0 ms.
14:15:46.101 [main] INFO  org.testng.internal.Utils - [XmlMethodSelector] Including group : test
14:15:46.105 [main] INFO  org.testng.internal.Utils - [XmlMethodSelector] Including method tests.Setup()
14:15:46.105 [main] INFO  org.testng.internal.Utils - [Utils] MethodGroupsHelper.collectMethodsByGroup() took 6 ms.
14:15:46.111 [main] INFO  org.testng.internal.Utils - [Utils] MethodGroupsHelper.sortMethods() took 5 ms.
14:15:46.112 [main] INFO  org.testng.internal.Utils - [XmlMethodSelector] Including method tests.tearDown()
14:15:46.112 [main] INFO  org.testng.internal.Utils - [Utils] MethodGroupsHelper.collectMethodsByGroup() took 0 ms.
14:15:46.112 [main] INFO  org.testng.internal.Utils - [Utils] MethodGroupsHelper.sortMethods() took 0 ms.
14:15:46.113 [main] INFO  org.testng.internal.Utils - [TestClass] Creating TestClass for [ClassImpl class=tests.RegisterTest]
14:15:46.119 [main] INFO  org.testng.internal.Utils - [TestClass] Adding method RegisterTest.verifyDiffWayNavigatingToRegisterAccount()[pri:6, instance:null] on TestClass class tests.RegisterTest
14:15:46.120 [main] INFO  org.testng.internal.Utils - [TestClass] Adding method RegisterTest.verifyRegisterAccountUsingAllFields()[pri:2, instance:null] on TestClass class tests.RegisterTest
14:15:46.120 [main] INFO  org.testng.internal.Utils - [TestClass] Adding method RegisterTest.verifyRegisteringWithDifferentPassAndConfirmPass()[pri:7, instance:null] on TestClass class tests.RegisterTest
14:15:46.120 [main] INFO  org.testng.internal.Utils - [TestClass] Adding method RegisterTest.verifyInvalidEmailTooltipMsg()[pri:9, instance:null] on TestClass class tests.RegisterTest
14:15:46.120 [main] INFO  org.testng.internal.Utils - [TestClass] Adding method RegisterTest.verifyRegisteringWithExistingDetails()[pri:8, instance:null] on TestClass class tests.RegisterTest
14:15:46.121 [main] INFO  org.testng.internal.Utils - [TestClass] Adding method RegisterTest.verifyRegisterAccountYesSelectedForNewsletter()[pri:4, instance:null] on TestClass class tests.RegisterTest
14:15:46.121 [main] INFO  org.testng.internal.Utils - [TestClass] Adding method RegisterTest.verifyUserCannotuseInvalidPhoneNumber(java.util.HashMap)[pri:10, instance:null] on TestClass class tests.RegisterTest
14:15:46.121 [main] INFO  org.testng.internal.Utils - [TestClass] Adding method RegisterTest.verifyRegisterAccountUsingMandatoryFields()[pri:1, instance:null] on TestClass class tests.RegisterTest
14:15:46.121 [main] INFO  org.testng.internal.Utils - [TestClass] Adding method RegisterTest.verifyRegisterAccountNoSelectedForNewsletter()[pri:5, instance:null] on TestClass class tests.RegisterTest
14:15:46.122 [main] INFO  org.testng.internal.Utils - [TestClass] Adding method RegisterTest.verifyPassWordFieldFollowComplexityStandards(java.util.HashMap)[pri:13, instance:null] on TestClass class tests.RegisterTest
14:15:46.122 [main] INFO  org.testng.internal.Utils - [TestClass] Adding method RegisterTest.verifyConfirmationEmailSendForSuccessfullRegistration()[pri:18, instance:null] on TestClass class tests.RegisterTest
14:15:46.122 [main] INFO  org.testng.internal.Utils - [TestClass] Adding method RegisterTest.verifyAsterickSymbolForMandatoryFields()[pri:12, instance:null] on TestClass class tests.RegisterTest
14:15:46.122 [main] INFO  org.testng.internal.Utils - [TestClass] Adding method RegisterTest.verifyRegisteringWithNotSelectingPrivacyPolicy()[pri:15, instance:null] on TestClass class tests.RegisterTest
14:15:46.123 [main] INFO  org.testng.internal.Utils - [TestClass] Adding method RegisterTest.verifyRegisterAccountWithoutanyDetails()[pri:3, instance:null] on TestClass class tests.RegisterTest
14:15:46.123 [main] INFO  org.testng.internal.Utils - [TestClass] Adding method RegisterTest.verifyThePlaceholders()[pri:11, instance:null] on TestClass class tests.RegisterTest
14:15:46.123 [main] INFO  org.testng.internal.Utils - [TestClass] Adding method RegisterTest.verifyRegisteringWithNotEnteringPassConfirm()[pri:17, instance:null] on TestClass class tests.RegisterTest
14:15:46.123 [main] INFO  org.testng.internal.Utils - [TestClass] Adding method RegisterTest.verifyCheckboxNotCheckedByDefault()[pri:14, instance:null] on TestClass class tests.RegisterTest
14:15:46.124 [main] INFO  org.testng.internal.Utils - [TestClass] Adding method RegisterTest.verifyPasswordAndConfirmPasswordToggledToHide()[pri:16, instance:null] on TestClass class tests.RegisterTest
14:15:46.124 [main] INFO  org.testng.internal.Utils - [Utils] MethodGroupsHelper.collectMethodsByGroup() took 0 ms.
14:15:46.124 [main] INFO  org.testng.internal.Utils - [Utils] MethodGroupsHelper.sortMethods() took 0 ms.
14:15:46.125 [main] INFO  org.testng.internal.Utils - [Utils] MethodGroupsHelper.collectMethodsByGroup() took 0 ms.
14:15:46.125 [main] INFO  org.testng.internal.Utils - [Utils] MethodGroupsHelper.sortMethods() took 0 ms.
14:15:46.125 [main] INFO  org.testng.internal.Utils - [Utils] MethodGroupsHelper.collectMethodsByGroup() took 0 ms.
14:15:46.125 [main] INFO  org.testng.internal.Utils - [Utils] MethodGroupsHelper.sortMethods() took 0 ms.
14:15:46.126 [main] INFO  org.testng.internal.Utils - [Utils] MethodGroupsHelper.collectMethodsByGroup() took 0 ms.
14:15:46.126 [main] INFO  org.testng.internal.Utils - [Utils] MethodGroupsHelper.sortMethods() took 0 ms.
14:15:46.126 [main] INFO  org.testng.internal.Utils - [Utils] MethodGroupsHelper.collectMethodsByGroup() took 0 ms.
14:15:46.126 [main] INFO  org.testng.internal.Utils - [Utils] MethodGroupsHelper.sortMethods() took 0 ms.
14:15:46.127 [main] INFO  org.testng.internal.Utils - [Utils] MethodGroupsHelper.collectMethodsByGroup() took 0 ms.
14:15:46.127 [main] INFO  org.testng.internal.Utils - [Utils] MethodGroupsHelper.sortMethods() took 0 ms.
14:15:46.127 [main] INFO  org.testng.internal.Utils - [Utils] MethodGroupsHelper.collectMethodsByGroup() took 0 ms.
14:15:46.127 [main] INFO  org.testng.internal.Utils - [Utils] MethodGroupsHelper.sortMethods() took 0 ms.
14:15:46.127 [main] INFO  org.testng.internal.Utils - [Utils] MethodGroupsHelper.collectMethodsByGroup() took 0 ms.
14:15:46.127 [main] INFO  org.testng.internal.Utils - [Utils] MethodGroupsHelper.sortMethods() took 0 ms.
14:15:46.128 [main] INFO  org.testng.internal.Utils - [Utils] MethodGroupsHelper.collectMethodsByGroup() took 0 ms.
14:15:46.128 [main] INFO  org.testng.internal.Utils - [Utils] MethodGroupsHelper.sortMethods() took 0 ms.
14:15:46.129 [main] INFO  org.testng.internal.Utils - [Utils] MethodGroupsHelper.collectMethodsByGroup() took 0 ms.
14:15:46.130 [main] INFO  org.testng.internal.Utils - [Utils] MethodGroupsHelper.sortMethods() took 1 ms.
14:15:46.130 [main] INFO  org.testng.internal.Utils - [TestClass] Creating TestClass for [ClassImpl class=tests.LogoutTest]
14:15:46.136 [main] INFO  org.testng.internal.Utils - [TestClass] Adding method LogoutTest.logoutFromMyAccountDropMenu()[pri:1, instance:null] on TestClass class tests.LogoutTest
14:15:46.137 [main] INFO  org.testng.internal.Utils - [Utils] MethodGroupsHelper.collectMethodsByGroup() took 0 ms.
14:15:46.137 [main] INFO  org.testng.internal.Utils - [Utils] MethodGroupsHelper.sortMethods() took 0 ms.
14:15:46.137 [main] INFO  org.testng.internal.Utils - [Utils] MethodGroupsHelper.collectMethodsByGroup() took 0 ms.
14:15:46.137 [main] INFO  org.testng.internal.Utils - [Utils] MethodGroupsHelper.sortMethods() took 0 ms.
14:15:46.138 [main] INFO  org.testng.internal.Utils - [Utils] MethodGroupsHelper.collectMethodsByGroup() took 0 ms.
14:15:46.138 [main] INFO  org.testng.internal.Utils - [Utils] MethodGroupsHelper.sortMethods() took 0 ms.
14:15:46.138 [main] INFO  org.testng.internal.Utils - [Utils] MethodGroupsHelper.collectMethodsByGroup() took 0 ms.
14:15:46.138 [main] INFO  org.testng.internal.Utils - [Utils] MethodGroupsHelper.sortMethods() took 0 ms.
14:15:46.138 [main] INFO  org.testng.internal.Utils - [Utils] MethodGroupsHelper.collectMethodsByGroup() took 0 ms.
14:15:46.138 [main] INFO  org.testng.internal.Utils - [Utils] MethodGroupsHelper.sortMethods() took 0 ms.
14:15:46.139 [main] INFO  org.testng.internal.Utils - [Utils] MethodGroupsHelper.collectMethodsByGroup() took 0 ms.
14:15:46.139 [main] INFO  org.testng.internal.Utils - [Utils] MethodGroupsHelper.sortMethods() took 0 ms.
14:15:46.139 [main] INFO  org.testng.internal.Utils - [Utils] MethodGroupsHelper.collectMethodsByGroup() took 0 ms.
14:15:46.139 [main] INFO  org.testng.internal.Utils - [Utils] MethodGroupsHelper.sortMethods() took 0 ms.
14:15:46.139 [main] INFO  org.testng.internal.Utils - [Utils] MethodGroupsHelper.collectMethodsByGroup() took 0 ms.
14:15:46.139 [main] INFO  org.testng.internal.Utils - [Utils] MethodGroupsHelper.sortMethods() took 0 ms.
14:15:46.140 [main] INFO  org.testng.internal.Utils - [Utils] MethodGroupsHelper.collectMethodsByGroup() took 1 ms.
14:15:46.140 [main] INFO  org.testng.internal.Utils - [Utils] MethodGroupsHelper.sortMethods() took 0 ms.
14:15:46.141 [main] INFO  org.testng.internal.Utils - [Utils] MethodGroupsHelper.collectMethodsByGroup() took 0 ms.
14:15:46.141 [main] INFO  org.testng.internal.Utils - [Utils] MethodGroupsHelper.sortMethods() took 0 ms.
14:15:46.144 [main] INFO  org.testng.internal.Utils - [Utils] MethodGroupsHelper.collectMethodsByGroup() took 0 ms.
14:15:46.144 [main] INFO  org.testng.internal.Utils - [Utils] MethodGroupsHelper.sortMethods() took 0 ms.
14:15:46.144 [main] INFO  org.testng.internal.Utils - [Utils] MethodGroupsHelper.collectMethodsByGroup() took 0 ms.
14:15:46.144 [main] INFO  org.testng.internal.Utils - [Utils] MethodGroupsHelper.sortMethods() took 0 ms.
14:15:46.145 [main] INFO  org.testng.internal.Utils - [XmlMethodSelector] Excluding method tests.verifyPasswordFieldToggleToHide()
14:15:46.145 [main] INFO  org.testng.internal.Utils - [XmlMethodSelector] Excluding method tests.verifyLoginToApplicationUsingInvalidCredentials()
14:15:46.146 [main] INFO  org.testng.internal.Utils - [XmlMethodSelector] Excluding method tests.verifyLoggingAfterchangingPassword()
14:15:46.146 [main] INFO  org.testng.internal.Utils - [XmlMethodSelector] Excluding method tests.verifyPasswordCannotCopied()
14:15:46.146 [main] INFO  org.testng.internal.Utils - [XmlMethodSelector] Excluding method tests.verifyLoginToApplicationUsingvalidCredentials()
14:15:46.146 [main] INFO  org.testng.internal.Utils - [XmlMethodSelector] Excluding method tests.verifyPlaceholdersOnLoginPage()
14:15:46.146 [main] INFO  org.testng.internal.Utils - [XmlMethodSelector] Excluding method tests.verifyMaxLoginAttempts()
14:15:46.147 [main] INFO  org.testng.internal.Utils - [XmlMethodSelector] Excluding method tests.verifyForgotPasswordLink()
14:15:46.147 [main] INFO  org.testng.internal.Utils - [XmlMethodSelector] Excluding method tests.verifyPasswordNotVisibleInPageSource()
14:15:46.147 [main] INFO  org.testng.internal.Utils - [XmlMethodSelector] Excluding method tests.verifyDiffWayNavigatingToRegisterAccount()
14:15:46.147 [main] INFO  org.testng.internal.Utils - [XmlMethodSelector] Excluding method tests.verifyRegisterAccountUsingAllFields()
14:15:46.147 [main] INFO  org.testng.internal.Utils - [XmlMethodSelector] Excluding method tests.verifyRegisteringWithDifferentPassAndConfirmPass()
14:15:46.147 [main] INFO  org.testng.internal.Utils - [XmlMethodSelector] Excluding method tests.verifyInvalidEmailTooltipMsg()
14:15:46.148 [main] INFO  org.testng.internal.Utils - [XmlMethodSelector] Excluding method tests.verifyRegisteringWithExistingDetails()
14:15:46.148 [main] INFO  org.testng.internal.Utils - [XmlMethodSelector] Excluding method tests.verifyRegisterAccountYesSelectedForNewsletter()
14:15:46.148 [main] INFO  org.testng.internal.Utils - [XmlMethodSelector] Excluding method tests.verifyUserCannotuseInvalidPhoneNumber()
14:15:46.148 [main] INFO  org.testng.internal.Utils - [XmlMethodSelector] Excluding method tests.verifyRegisterAccountUsingMandatoryFields()
14:15:46.149 [main] INFO  org.testng.internal.Utils - [XmlMethodSelector] Excluding method tests.verifyRegisterAccountNoSelectedForNewsletter()
14:15:46.149 [main] INFO  org.testng.internal.Utils - [XmlMethodSelector] Excluding method tests.verifyPassWordFieldFollowComplexityStandards()
14:15:46.149 [main] INFO  org.testng.internal.Utils - [XmlMethodSelector] Excluding method tests.verifyConfirmationEmailSendForSuccessfullRegistration()
14:15:46.149 [main] INFO  org.testng.internal.Utils - [XmlMethodSelector] Excluding method tests.verifyAsterickSymbolForMandatoryFields()
14:15:46.149 [main] INFO  org.testng.internal.Utils - [XmlMethodSelector] Excluding method tests.verifyRegisteringWithNotSelectingPrivacyPolicy()
14:15:46.149 [main] INFO  org.testng.internal.Utils - [XmlMethodSelector] Excluding method tests.verifyRegisterAccountWithoutanyDetails()
14:15:46.149 [main] INFO  org.testng.internal.Utils - [XmlMethodSelector] Excluding method tests.verifyThePlaceholders()
14:15:46.150 [main] INFO  org.testng.internal.Utils - [XmlMethodSelector] Excluding method tests.verifyRegisteringWithNotEnteringPassConfirm()
14:15:46.150 [main] INFO  org.testng.internal.Utils - [XmlMethodSelector] Excluding method tests.verifyCheckboxNotCheckedByDefault()
14:15:46.151 [main] INFO  org.testng.internal.Utils - [XmlMethodSelector] Excluding method tests.verifyPasswordAndConfirmPasswordToggledToHide()
14:15:46.151 [main] INFO  org.testng.internal.Utils - [XmlMethodSelector] Including method tests.logoutFromMyAccountDropMenu()
14:15:46.151 [main] INFO  org.testng.internal.Utils - [Utils] MethodGroupsHelper.collectMethodsByGroup() took 5 ms.
14:15:46.151 [main] INFO  org.testng.internal.Utils - [Utils] MethodGroupsHelper.sortMethods() took 0 ms.
14:15:46.153 [main] INFO  org.testng.internal.Utils - [Utils] MethodGroupsHelper.collectMethodsByGroup() took 0 ms.
14:15:46.153 [main] INFO  org.testng.internal.Utils - [Utils] MethodGroupsHelper.sortMethods() took 0 ms.
14:15:46.153 [main] INFO  org.testng.internal.Utils - [Utils] MethodGroupsHelper.collectMethodsByGroup() took 0 ms.
14:15:46.153 [main] INFO  org.testng.internal.Utils - [Utils] MethodGroupsHelper.sortMethods() took 0 ms.
14:15:46.160 [main] INFO  org.testng.internal.Utils - [TestNG] Running:
  C:\Users\Vishnu\FrameworkConcepts\OpenCart\grouping.xml

14:15:46.166 [main] INFO  org.testng.internal.Utils - [SuiteRunner] Created 1 TestRunners
14:15:46.170 [main] INFO  org.testng.internal.Utils - [TestRunner] Running test Test on 3  classes,  included groups:[test] excluded groups:[]
14:15:46.171 [main] INFO  org.testng.TestClass - ===== Test class
tests.LoginTest
14:15:46.171 [main] INFO  org.testng.TestClass -   @BeforeMethod BaseSteps.Setup(java.lang.String,java.lang.String)[pri:0, instance:tests.LoginTest@57ac5227]
14:15:46.171 [main] INFO  org.testng.TestClass -     @Test LoginTest.verifyNavigatingBackAfterSuccessfullLogin()[pri:8, instance:tests.LoginTest@57ac5227]
14:15:46.171 [main] INFO  org.testng.TestClass -     @Test LoginTest.verifyPasswordFieldToggleToHide()[pri:12, instance:tests.LoginTest@57ac5227]
14:15:46.171 [main] INFO  org.testng.TestClass -     @Test LoginTest.verifyLoginToApplicationUsingInvalidCredentials(java.util.HashMap)[pri:2, instance:tests.LoginTest@57ac5227]
14:15:46.171 [main] INFO  org.testng.TestClass -     @Test LoginTest.verifyLoggingAfterchangingPassword()[pri:15, instance:tests.LoginTest@57ac5227]
14:15:46.171 [main] INFO  org.testng.TestClass -     @Test LoginTest.verifyPasswordCannotCopied()[pri:13, instance:tests.LoginTest@57ac5227]
14:15:46.171 [main] INFO  org.testng.TestClass -     @Test LoginTest.verifyLoginToApplicationUsingvalidCredentials(java.util.HashMap)[pri:1, instance:tests.LoginTest@57ac5227]
14:15:46.171 [main] INFO  org.testng.TestClass -     @Test LoginTest.verifyNavigatingBackAfterLogout()[pri:9, instance:tests.LoginTest@57ac5227]
14:15:46.171 [main] INFO  org.testng.TestClass -     @Test LoginTest.verifyPlaceholdersOnLoginPage()[pri:7, instance:tests.LoginTest@57ac5227]
14:15:46.171 [main] INFO  org.testng.TestClass -     @Test LoginTest.verifyMaxLoginAttempts()[pri:11, instance:tests.LoginTest@57ac5227]
14:15:46.171 [main] INFO  org.testng.TestClass -     @Test LoginTest.verifyForgotPasswordLink()[pri:6, instance:tests.LoginTest@57ac5227]
14:15:46.171 [main] INFO  org.testng.TestClass -     @Test LoginTest.verifyPasswordNotVisibleInPageSource()[pri:14, instance:tests.LoginTest@57ac5227]
14:15:46.172 [main] INFO  org.testng.TestClass -   @AfterMethod BaseSteps.tearDown()[pri:0, instance:tests.LoginTest@57ac5227]
14:15:46.172 [main] INFO  org.testng.TestClass - ======
14:15:46.172 [main] INFO  org.testng.TestClass - ===== Test class
tests.RegisterTest
14:15:46.172 [main] INFO  org.testng.TestClass -   @BeforeMethod BaseSteps.Setup(java.lang.String,java.lang.String)[pri:0, instance:tests.RegisterTest@3f0846c6]
14:15:46.172 [main] INFO  org.testng.TestClass -     @Test RegisterTest.verifyDiffWayNavigatingToRegisterAccount()[pri:6, instance:tests.RegisterTest@3f0846c6]
14:15:46.172 [main] INFO  org.testng.TestClass -     @Test RegisterTest.verifyRegisterAccountUsingAllFields()[pri:2, instance:tests.RegisterTest@3f0846c6]
14:15:46.172 [main] INFO  org.testng.TestClass -     @Test RegisterTest.verifyRegisteringWithDifferentPassAndConfirmPass()[pri:7, instance:tests.RegisterTest@3f0846c6]
14:15:46.172 [main] INFO  org.testng.TestClass -     @Test RegisterTest.verifyInvalidEmailTooltipMsg()[pri:9, instance:tests.RegisterTest@3f0846c6]
14:15:46.172 [main] INFO  org.testng.TestClass -     @Test RegisterTest.verifyRegisteringWithExistingDetails()[pri:8, instance:tests.RegisterTest@3f0846c6]
14:15:46.172 [main] INFO  org.testng.TestClass -     @Test RegisterTest.verifyRegisterAccountYesSelectedForNewsletter()[pri:4, instance:tests.RegisterTest@3f0846c6]
14:15:46.172 [main] INFO  org.testng.TestClass -     @Test RegisterTest.verifyUserCannotuseInvalidPhoneNumber(java.util.HashMap)[pri:10, instance:tests.RegisterTest@3f0846c6]
14:15:46.172 [main] INFO  org.testng.TestClass -     @Test RegisterTest.verifyRegisterAccountUsingMandatoryFields()[pri:1, instance:tests.RegisterTest@3f0846c6]
14:15:46.172 [main] INFO  org.testng.TestClass -     @Test RegisterTest.verifyRegisterAccountNoSelectedForNewsletter()[pri:5, instance:tests.RegisterTest@3f0846c6]
14:15:46.172 [main] INFO  org.testng.TestClass -     @Test RegisterTest.verifyPassWordFieldFollowComplexityStandards(java.util.HashMap)[pri:13, instance:tests.RegisterTest@3f0846c6]
14:15:46.172 [main] INFO  org.testng.TestClass -     @Test RegisterTest.verifyConfirmationEmailSendForSuccessfullRegistration()[pri:18, instance:tests.RegisterTest@3f0846c6]
14:15:46.172 [main] INFO  org.testng.TestClass -     @Test RegisterTest.verifyAsterickSymbolForMandatoryFields()[pri:12, instance:tests.RegisterTest@3f0846c6]
14:15:46.172 [main] INFO  org.testng.TestClass -     @Test RegisterTest.verifyRegisteringWithNotSelectingPrivacyPolicy()[pri:15, instance:tests.RegisterTest@3f0846c6]
14:15:46.172 [main] INFO  org.testng.TestClass -     @Test RegisterTest.verifyRegisterAccountWithoutanyDetails()[pri:3, instance:tests.RegisterTest@3f0846c6]
14:15:46.173 [main] INFO  org.testng.TestClass -     @Test RegisterTest.verifyThePlaceholders()[pri:11, instance:tests.RegisterTest@3f0846c6]
14:15:46.173 [main] INFO  org.testng.TestClass -     @Test RegisterTest.verifyRegisteringWithNotEnteringPassConfirm()[pri:17, instance:tests.RegisterTest@3f0846c6]
14:15:46.173 [main] INFO  org.testng.TestClass -     @Test RegisterTest.verifyCheckboxNotCheckedByDefault()[pri:14, instance:tests.RegisterTest@3f0846c6]
14:15:46.173 [main] INFO  org.testng.TestClass -     @Test RegisterTest.verifyPasswordAndConfirmPasswordToggledToHide()[pri:16, instance:tests.RegisterTest@3f0846c6]
14:15:46.173 [main] INFO  org.testng.TestClass -   @AfterMethod BaseSteps.tearDown()[pri:0, instance:tests.RegisterTest@3f0846c6]
14:15:46.173 [main] INFO  org.testng.TestClass - ======
14:15:46.173 [main] INFO  org.testng.TestClass - ===== Test class
tests.LogoutTest
14:15:46.173 [main] INFO  org.testng.TestClass -   @BeforeMethod BaseSteps.Setup(java.lang.String,java.lang.String)[pri:0, instance:tests.LogoutTest@77a98a6a]
14:15:46.173 [main] INFO  org.testng.TestClass -     @Test LogoutTest.logoutFromMyAccountDropMenu()[pri:1, instance:tests.LogoutTest@77a98a6a]
14:15:46.173 [main] INFO  org.testng.TestClass -   @AfterMethod BaseSteps.tearDown()[pri:0, instance:tests.LogoutTest@77a98a6a]
14:15:46.173 [main] INFO  org.testng.TestClass - ======
14:15:46.281 [main] INFO  utils.ReportUtil - Test execution started for: Grouping-Suite
14:15:46.285 [main] INFO  org.testng.internal.Utils - [Utils] DynamicGraphHelper.createDynamicGraph() took 2 ms.
14:15:46.290 [main] INFO  org.testng.internal.Utils - [Invoker 1159190947] No configuration methods found
14:15:46.300 [main] INFO  org.testng.internal.Utils - [Invoker 1159190947] Invoking @BeforeMethod BaseSteps.Setup(java.lang.String,java.lang.String)[pri:0, instance:tests.LogoutTest@77a98a6a]
14:15:51.071 [main] INFO  utils.ReportUtil - Test 'logoutFromMyAccountDropMenu' started running.
14:15:51.073 [main] INFO  org.testng.internal.Utils - [Invoker 1159190947] Invoking tests.LogoutTest.logoutFromMyAccountDropMenu
14:15:55.033 [main] INFO  utils.ReportUtil - Test 'logoutFromMyAccountDropMenu'Test PASSED.
14:15:55.036 [main] INFO  org.testng.internal.Utils - [Invoker 1159190947] Invoking @AfterMethod BaseSteps.tearDown()[pri:0, instance:tests.LogoutTest@77a98a6a]
14:15:55.171 [main] INFO  org.testng.internal.Utils - [Invoker 1159190947] No configuration methods found
14:15:56.253 [main] INFO  utils.ReportUtil - Test execution Finished for: Grouping-Suite
14:15:56.276 [main] INFO  org.testng.internal.Utils - [[Utils]] Attempting to create C:\Users\Vishnu\FrameworkConcepts\OpenCart\test-output\Grouping-Suite\Test.xml
14:15:56.277 [main] INFO  org.testng.internal.Utils - [[Utils]]   Directory C:\Users\Vishnu\FrameworkConcepts\OpenCart\test-output\Grouping-Suite exists: true
